<?xml version="1.0" encoding="UTF-8"?>
<testng-results ignored="0" total="1" passed="1" failed="0" skipped="0">
  <reporter-output>
  </reporter-output>
  <suite started-at="2022-07-26T20:12:05 IST" name="Default suite" finished-at="2022-07-26T20:12:22 IST" duration-ms="16090">
    <groups>
    </groups>
    <test started-at="2022-07-26T20:12:05 IST" name="Default test" finished-at="2022-07-26T20:12:22 IST" duration-ms="16090">
      <class name="mw.signup_main">
        <test-method signature="main()[pri:0, instance:mw.signup_main@76f2bbc1]" started-at="2022-07-26T20:12:05 IST" name="main" finished-at="2022-07-26T20:12:22 IST" duration-ms="16032" status="PASS">
          <reporter-output>
          </reporter-output>
        </test-method> <!-- main -->
      </class> <!-- mw.signup_main -->
    </test> <!-- Default test -->
  </suite> <!-- Default suite -->
</testng-results>
